<?xml version="1.0" encoding="UTF-8"?>
<!-- Generated by org.testng.reporters.JUnitReportReporter -->
<testsuite hostname="farids-MBP" failures="0" tests="1" name="us.piit.AppTest" time="7.921" errors="0" timestamp="2022-05-07T17:50:48 EDT" skipped="0">
  <testcase classname="us.piit.AppTest" name="test1" time="7.921"/>
  <system-out/>
</testsuite> <!-- us.piit.AppTest -->
